\BOOKMARK [0][-]{chapter.1}{\376\377\000I\000n\000t\000r\000o\000d\000u\000c\000t\000i\000o\000n\000\040\000a\000n\000d\000\040\000B\000a\000c\000k\000g\000r\000o\000u\000n\000d\000\040\000R\000e\000s\000e\000a\000r\000c\000h}{}% 1
\BOOKMARK [1][-]{section.1.1}{\376\377\000I\000n\000t\000r\000o\000d\000u\000c\000t\000i\000o\000n}{chapter.1}% 2
\BOOKMARK [1][-]{section.1.2}{\376\377\000G\000e\000r\000s\000t\000n\000e\000r\000\040\000W\000a\000v\000e\000s}{chapter.1}% 3
\BOOKMARK [1][-]{section.1.3}{\376\377\000P\000a\000r\000t\000i\000c\000l\000e\000\040\000S\000i\000m\000u\000l\000a\000t\000i\000o\000n\000\040\000a\000n\000d\000\040\000M\000a\000c\000h\000i\000n\000e\000\040\000L\000e\000a\000r\000n\000i\000n\000g}{chapter.1}% 4
\BOOKMARK [1][-]{section.1.4}{\376\377\000F\000o\000u\000r\000i\000e\000r\000\040\000T\000r\000a\000n\000s\000f\000o\000r\000m}{chapter.1}% 5
\BOOKMARK [1][-]{section.1.5}{\376\377\000F\000o\000u\000r\000i\000e\000r\000\040\000T\000r\000a\000n\000s\000f\000o\000r\000m\000\040\000O\000c\000e\000a\000n}{chapter.1}% 6
\BOOKMARK [1][-]{section.1.6}{\376\377\000O\000c\000e\000a\000n\000\040\000S\000p\000e\000c\000t\000r\000u\000m\000s}{chapter.1}% 7
\BOOKMARK [2][-]{subsection.1.6.1}{\376\377\000J\000e\000r\000r\000y\000\040\000T\000e\000s\000s\000e\000n\000d\000o\000r\000f\000'\000s\000\040\000O\000c\000e\000a\000n\000\040\000S\000p\000e\000c\000t\000r\000u\000m}{section.1.6}% 8
\BOOKMARK [2][-]{subsection.1.6.2}{\376\377\000J\000O\000N\000S\000W\000A\000P\000\040\000S\000p\000e\000c\000t\000r\000u\000m}{section.1.6}% 9
\BOOKMARK [2][-]{subsection.1.6.3}{\376\377\000T\000h\000e\000\040\000T\000e\000x\000e\000l\000\040\000M\000A\000R\000S\000E\000N\000\040\000A\000R\000S\000L\000O\000E\000\040\000\050\000T\000M\000A\000\051\000\040\000S\000p\000e\000c\000t\000r\000u\000m}{section.1.6}% 10
\BOOKMARK [1][-]{section.1.7}{\376\377\000C\000o\000o\000l\000e\000y\000-\000T\000u\000k\000e\000y\000\040\000F\000a\000s\000t\000\040\000F\000o\000u\000r\000i\000e\000r\000\040\000T\000r\000a\000n\000s\000f\000o\000r\000m\000\040\000\050\000F\000F\000T\000\051}{chapter.1}% 11
\BOOKMARK [0][-]{chapter.2}{\376\377\000M\000e\000t\000h\000o\000d\000s}{}% 12
\BOOKMARK [1][-]{section.2.1}{\376\377\000I\000F\000F\000T}{chapter.2}% 13
\BOOKMARK [2][-]{subsection.2.1.1}{\376\377\000B\000u\000t\000t\000e\000r\000f\000l\000y\000\040\000T\000e\000x\000t\000u\000r\000e\000\040\0002\000.\0001}{section.2.1}% 14
\BOOKMARK [2][-]{subsection.2.1.2}{\376\377\000P\000e\000r\000f\000o\000r\000m\000i\000n\000g\000\040\000I\000F\000F\000T}{section.2.1}% 15
\BOOKMARK [1][-]{section.2.2}{\376\377\000O\000c\000e\000a\000n\000\040\000G\000e\000o\000m\000e\000t\000r\000y}{chapter.2}% 16
\BOOKMARK [2][-]{subsection.2.2.1}{\376\377\000S\000p\000e\000c\000t\000r\000u\000m\000\040\000G\000e\000n\000e\000r\000a\000t\000i\000o\000n}{section.2.2}% 17
\BOOKMARK [2][-]{subsection.2.2.2}{\376\377\000H\000e\000i\000g\000h\000t\000\040\000M\000a\000p\000\040\000G\000e\000n\000e\000r\000a\000t\000i\000o\000n}{section.2.2}% 18
\BOOKMARK [2][-]{subsection.2.2.3}{\376\377\000N\000o\000r\000m\000a\000l\000\040\000M\000a\000p\000\040\000G\000e\000n\000e\000r\000a\000t\000i\000o\000n}{section.2.2}% 19
\BOOKMARK [2][-]{subsection.2.2.4}{\376\377\000C\000h\000o\000p\000p\000y\000\040\000W\000a\000v\000e\000s}{section.2.2}% 20
\BOOKMARK [1][-]{section.2.3}{\376\377\000O\000c\000e\000a\000n\000\040\000S\000h\000a\000d\000i\000n\000g}{chapter.2}% 21
\BOOKMARK [2][-]{subsection.2.3.1}{\376\377\000L\000i\000g\000h\000t\000i\000n\000g}{section.2.3}% 22
\BOOKMARK [2][-]{subsection.2.3.2}{\376\377\000F\000o\000a\000m}{section.2.3}% 23
\BOOKMARK [0][-]{chapter.3}{\376\377\000R\000e\000s\000u\000l\000t\000s}{}% 24
\BOOKMARK [1][-]{section.3.1}{\376\377\000A\000\040\000s\000e\000c\000t\000i\000o\000n}{chapter.3}% 25
\BOOKMARK [2][-]{subsection.3.1.1}{\376\377\000A\000\040\000s\000u\000b\000-\000s\000e\000c\000t\000i\000o\000n}{section.3.1}% 26
\BOOKMARK [1][-]{section.3.2}{\376\377\000A\000n\000o\000t\000h\000e\000r\000\040\000s\000e\000c\000t\000i\000o\000n}{chapter.3}% 27
\BOOKMARK [0][-]{chapter.4}{\376\377\000D\000i\000s\000c\000u\000s\000s\000i\000o\000n}{}% 28
\BOOKMARK [1][-]{section.4.1}{\376\377\000C\000o\000n\000c\000l\000u\000s\000i\000o\000n\000s}{chapter.4}% 29
\BOOKMARK [1][-]{section.4.2}{\376\377\000I\000d\000e\000a\000s\000\040\000f\000o\000r\000\040\000f\000u\000t\000u\000r\000e\000\040\000w\000o\000r\000k}{chapter.4}% 30
\BOOKMARK [0][-]{section.4.2}{\376\377\000R\000e\000f\000e\000r\000e\000n\000c\000e\000s}{}% 31
\BOOKMARK [0][-]{section*.13}{\376\377\000A\000p\000p\000e\000n\000d\000i\000c\000e\000s}{}% 32
\BOOKMARK [0][-]{appendix.a.A}{\376\377\000S\000e\000l\000f\000-\000a\000p\000p\000r\000a\000i\000s\000a\000l}{}% 33
\BOOKMARK [1][-]{section.a.A.1}{\376\377\000C\000r\000i\000t\000i\000c\000a\000l\000\040\000s\000e\000l\000f\000-\000e\000v\000a\000l\000u\000a\000t\000i\000o\000n}{appendix.a.A}% 34
\BOOKMARK [1][-]{section.a.A.2}{\376\377\000P\000e\000r\000s\000o\000n\000a\000l\000\040\000r\000e\000f\000l\000e\000c\000t\000i\000o\000n\000\040\000a\000n\000d\000\040\000l\000e\000s\000s\000o\000n\000s\000\040\000l\000e\000a\000r\000n\000e\000d}{appendix.a.A}% 35
\BOOKMARK [1][-]{section.a.A.3}{\376\377\000L\000e\000g\000a\000l\000,\000\040\000s\000o\000c\000i\000a\000l\000,\000\040\000e\000t\000h\000i\000c\000a\000l\000\040\000a\000n\000d\000\040\000p\000r\000o\000f\000e\000s\000s\000i\000o\000n\000a\000l\000\040\000i\000s\000s\000u\000e\000s}{appendix.a.A}% 36
\BOOKMARK [2][-]{subsection.a.A.3.1}{\376\377\000L\000e\000g\000a\000l\000\040\000i\000s\000s\000u\000e\000s}{section.a.A.3}% 37
\BOOKMARK [2][-]{subsection.a.A.3.2}{\376\377\000S\000o\000c\000i\000a\000l\000\040\000i\000s\000s\000u\000e\000s}{section.a.A.3}% 38
\BOOKMARK [2][-]{subsection.a.A.3.3}{\376\377\000E\000t\000h\000i\000c\000a\000l\000\040\000i\000s\000s\000u\000e\000s}{section.a.A.3}% 39
\BOOKMARK [2][-]{subsection.a.A.3.4}{\376\377\000P\000r\000o\000f\000e\000s\000s\000i\000o\000n\000a\000l\000\040\000i\000s\000s\000u\000e\000s}{section.a.A.3}% 40
\BOOKMARK [0][-]{appendix.a.B}{\376\377\000E\000x\000t\000e\000r\000n\000a\000l\000\040\000M\000a\000t\000e\000r\000i\000a\000l}{}% 41
